
================================================================================
ecutwfc (eV)              Li2S          Li2S2          Li2S4          Li2S6          Li2S8             S8
--------------------------------------------------------------------------------
350                  -721.5885     -1050.3457     -1706.8194     -2363.1827     -3018.8695     -2622.7665
375                  -721.6725     -1050.4338     -1706.9204     -2363.2978     -3018.9993     -2622.8200
400                  -721.7130     -1050.4779     -1706.9696     -2363.3556     -3019.0632     -2622.8473
425                  -721.7316     -1050.4971     -1706.9920     -2363.3817     -3019.0924     -2622.8596
450                  -721.7394     -1050.5055     -1707.0014     -2363.3925     -3019.1042     -2622.8645
475                  -721.7423     -1050.5087     -1707.0049     -2363.3965     -3019.1087     -2622.8662
500                  -721.7433     -1050.5096     -1707.0060     -2363.3977     -3019.1102     -2622.8668
525                  -721.7435     -1050.5099     -1707.0063     -2363.3981     -3019.1107     -2622.8671
550                  -721.7435     -1050.5100     -1707.0065     -2363.3984     -3019.1111     -2622.8675

================================================================================
Final Results:
================================================================================
ecutwfc (eV)              Li2S          Li2S2          Li2S4          Li2S6          Li2S8             S8
--------------------------------------------------------------------------------
350                  -721.5885     -1050.3457     -1706.8194     -2363.1827     -3018.8695     -2622.7665
375                  -721.6725     -1050.4338     -1706.9204     -2363.2978     -3018.9993     -2622.8200
400                  -721.7130     -1050.4779     -1706.9696     -2363.3556     -3019.0632     -2622.8473
425                  -721.7316     -1050.4971     -1706.9920     -2363.3817     -3019.0924     -2622.8596
450                  -721.7394     -1050.5055     -1707.0014     -2363.3925     -3019.1042     -2622.8645
475                  -721.7423     -1050.5087     -1707.0049     -2363.3965     -3019.1087     -2622.8662
500                  -721.7433     -1050.5096     -1707.0060     -2363.3977     -3019.1102     -2622.8668
525                  -721.7435     -1050.5099     -1707.0063     -2363.3981     -3019.1107     -2622.8671
550                  -721.7435     -1050.5100     -1707.0065     -2363.3984     -3019.1111     -2622.8675
--------------------------------------------------------------------------------
All calculations completed.
